2025-07-14 20:35:11,570 - metadata - INFO - Starting metadata processing for file: C:\Users\MengNingLuo\Downloads\D&B_AD_GCDL Drive _20th Dec.xlsx
2025-07-14 20:35:11,571 - metadata - INFO - Processing Excel file
2025-07-14 20:35:12,382 - memory_usage - INFO - Final memory usage: 132.5MB
2025-07-14 20:35:12,384 - metadata - INFO - Metadata processing complete
2025-07-14 20:47:05,992 - metadata - INFO - Starting metadata processing for file: C:\Users\MengNingLuo\Downloads\D&B_AD_GCDL Drive _20th Dec.xlsx
2025-07-14 20:47:05,992 - metadata - INFO - Processing Excel file
2025-07-14 20:47:06,774 - memory_usage - INFO - Final memory usage: 130.8MB
2025-07-14 20:47:06,775 - metadata - INFO - Metadata processing complete
2025-07-14 20:53:05,614 - metadata - INFO - Starting metadata processing for file: C:\Users\MengNingLuo\Downloads\D&B_AD_GCDL Drive _20th Dec.xlsx
2025-07-14 20:53:05,615 - metadata - INFO - Processing Excel file
2025-07-14 20:53:06,261 - memory_usage - INFO - Final memory usage: 132.3MB
2025-07-14 20:53:06,261 - metadata - INFO - Metadata processing complete
2025-07-14 20:54:37,860 - metadata - INFO - Starting metadata processing for file: C:\Users\MengNingLuo\Downloads\D&B_AD_GCDL Drive _20th Dec.xlsx
2025-07-14 20:54:37,876 - metadata - INFO - Processing Excel file
2025-07-14 20:54:38,185 - memory_usage - INFO - Final memory usage: 132.7MB
2025-07-14 20:54:38,185 - metadata - INFO - Metadata processing complete
2025-07-31 21:56:01,129 - metadata - INFO - Starting metadata processing for file: C:\Users\MengNingLuo\Downloads\MuleSoft Practitioners.xlsx
2025-07-31 21:56:01,129 - metadata - INFO - Processing Excel file
2025-07-31 21:56:01,697 - memory_usage - INFO - Final memory usage: 132.1MB
2025-07-31 21:56:01,697 - metadata - INFO - Metadata processing complete
