2025-08-11 14:59:01 | INFO | main:394 - view server @ https://localhost:9443-{}
2025-08-11 14:59:06 | SUCCESS | get_platform_origin:367 - Got response from https://localhost:9443/open-metadata/platform-services/users/erinoverview/server-platform/origin
 Response: Egeria OMAG Server Platform (version 5.4-SNAPSHOT)-{}
2025-08-11 14:59:06 | INFO | __init__:76 - CollectionManager initialized, platform origin is: True-{}
2025-08-12 08:30:34 | INFO | main:394 - view server @ https://localhost:9443-{}
2025-08-12 08:30:35 | ERROR | select_output_format_set:430 - No matching format found for kind='DigitalProduct' with output type='TABLE'.-{}
2025-08-12 08:31:27 | INFO | main:394 - view server @ https://localhost:9443-{}
2025-08-12 08:31:28 | ERROR | select_output_format_set:430 - No matching format found for kind='DigitalProducts' with output type='TABLE'.-{}
2025-08-12 08:31:43 | INFO | main:394 - view server @ https://localhost:9443-{}
2025-08-12 08:31:44 | SUCCESS | get_platform_origin:367 - Got response from https://localhost:9443/open-metadata/platform-services/users/erinoverview/server-platform/origin
 Response: Egeria OMAG Server Platform (version 5.4-SNAPSHOT)-{}
2025-08-12 08:31:44 | INFO | __init__:76 - CollectionManager initialized, platform origin is: True-{}
2025-08-12 08:32:33 | INFO | main:394 - view server @ https://localhost:9443-{}
2025-08-12 08:32:34 | SUCCESS | get_platform_origin:367 - Got response from https://localhost:9443/open-metadata/platform-services/users/erinoverview/server-platform/origin
 Response: Egeria OMAG Server Platform (version 5.4-SNAPSHOT)-{}
2025-08-12 08:32:34 | INFO | __init__:76 - CollectionManager initialized, platform origin is: True-{}
2025-08-12 13:30:34 | INFO | main:394 - view server @ https://localhost:9443-{}
2025-08-12 13:30:37 | SUCCESS | get_platform_origin:367 - Got response from https://localhost:9443/open-metadata/platform-services/users/erinoverview/server-platform/origin
 Response: Egeria OMAG Server Platform (version 5.4-SNAPSHOT)-{}
2025-08-12 13:30:37 | INFO | __init__:76 - CollectionManager initialized, platform origin is: True-{}
2025-08-12 13:35:57 | INFO | main:394 - view server @ https://localhost:9443-{}
2025-08-12 13:35:58 | SUCCESS | get_platform_origin:367 - Got response from https://localhost:9443/open-metadata/platform-services/users/erinoverview/server-platform/origin
 Response: Egeria OMAG Server Platform (version 5.4-SNAPSHOT)-{}
2025-08-12 13:35:58 | INFO | __init__:76 - CollectionManager initialized, platform origin is: True-{}
2025-08-12 16:06:09 | INFO | main:394 - view server @ https://localhost:9443-{}
2025-08-12 16:06:11 | SUCCESS | get_platform_origin:367 - Got response from https://localhost:9443/open-metadata/platform-services/users/erinoverview/server-platform/origin
 Response: Egeria OMAG Server Platform (version 5.4-SNAPSHOT)-{}
2025-08-12 16:06:11 | INFO | __init__:76 - CollectionManager initialized, platform origin is: True-{}
2025-08-12 16:29:50 | INFO | main:394 - view server @ https://localhost:9443-{}
2025-08-12 16:29:54 | SUCCESS | get_platform_origin:367 - Got response from https://localhost:9443/open-metadata/platform-services/users/erinoverview/server-platform/origin
 Response: Egeria OMAG Server Platform (version 5.4-SNAPSHOT)-{}
2025-08-12 16:29:54 | INFO | __init__:76 - CollectionManager initialized, platform origin is: True-{}
2025-08-12 18:58:27 | INFO | main:394 - view server @ https://localhost:9443-{}
2025-08-12 18:58:29 | SUCCESS | get_platform_origin:367 - Got response from https://localhost:9443/open-metadata/platform-services/users/erinoverview/server-platform/origin
 Response: Egeria OMAG Server Platform (version 5.4-SNAPSHOT)-{}
2025-08-12 18:58:29 | INFO | __init__:76 - CollectionManager initialized, platform origin is: True-{}
2025-08-12 18:59:58 | INFO | main:394 - view server @ https://localhost:9443-{}
2025-08-12 19:00:00 | SUCCESS | get_platform_origin:367 - Got response from https://localhost:9443/open-metadata/platform-services/users/erinoverview/server-platform/origin
 Response: Egeria OMAG Server Platform (version 5.4-SNAPSHOT)-{}
2025-08-12 19:00:00 | INFO | __init__:76 - CollectionManager initialized, platform origin is: True-{}
2025-08-12 19:08:24 | INFO | main:394 - view server @ https://localhost:9443-{}
2025-08-12 19:08:25 | SUCCESS | get_platform_origin:367 - Got response from https://localhost:9443/open-metadata/platform-services/users/erinoverview/server-platform/origin
 Response: Egeria OMAG Server Platform (version 5.4-SNAPSHOT)-{}
2025-08-12 19:08:25 | INFO | __init__:76 - CollectionManager initialized, platform origin is: True-{}
2025-08-12 19:09:39 | INFO | main:394 - view server @ https://localhost:9443-{}
2025-08-12 19:09:48 | SUCCESS | get_platform_origin:367 - Got response from https://localhost:9443/open-metadata/platform-services/users/erinoverview/server-platform/origin
 Response: Egeria OMAG Server Platform (version 5.4-SNAPSHOT)-{}
2025-08-12 19:09:48 | INFO | __init__:76 - CollectionManager initialized, platform origin is: True-{}
2025-08-12 19:14:53 | INFO | main:395 - view server @ https://localhost:9443-{}
2025-08-12 19:14:58 | SUCCESS | get_platform_origin:367 - Got response from https://localhost:9443/open-metadata/platform-services/users/erinoverview/server-platform/origin
 Response: Egeria OMAG Server Platform (version 5.4-SNAPSHOT)-{}
2025-08-12 19:14:58 | INFO | __init__:76 - CollectionManager initialized, platform origin is: True-{}
2025-08-13 11:11:46 | INFO | main:395 - view server @ https://localhost:9443-{}
2025-08-13 11:11:55 | SUCCESS | get_platform_origin:367 - Got response from https://localhost:9443/open-metadata/platform-services/users/erinoverview/server-platform/origin
 Response: Egeria OMAG Server Platform (version 5.4-SNAPSHOT)-{}
2025-08-13 11:11:55 | INFO | __init__:76 - CollectionManager initialized, platform origin is: True-{}
2025-08-13 12:38:33 | INFO | main:395 - view server @ https://localhost:9443-{}
2025-08-13 12:38:44 | SUCCESS | get_platform_origin:367 - Got response from https://localhost:9443/open-metadata/platform-services/users/erinoverview/server-platform/origin
 Response: Egeria OMAG Server Platform (version 5.4-SNAPSHOT)-{}
2025-08-13 12:38:44 | INFO | __init__:76 - CollectionManager initialized, platform origin is: True-{}
2025-08-13 13:20:49 | INFO | main:395 - view server @ https://localhost:9443-{}
2025-08-13 13:20:50 | SUCCESS | get_platform_origin:367 - Got response from https://localhost:9443/open-metadata/platform-services/users/erinoverview/server-platform/origin
 Response: Egeria OMAG Server Platform (version 5.4-SNAPSHOT)-{}
2025-08-13 13:20:50 | INFO | __init__:76 - CollectionManager initialized, platform origin is: True-{}
2025-08-13 13:21:19 | INFO | main:395 - view server @ https://localhost:9443-{}
2025-08-13 13:21:32 | SUCCESS | get_platform_origin:367 - Got response from https://localhost:9443/open-metadata/platform-services/users/erinoverview/server-platform/origin
 Response: Egeria OMAG Server Platform (version 5.4-SNAPSHOT)-{}
2025-08-13 13:21:32 | INFO | __init__:76 - CollectionManager initialized, platform origin is: True-{}
2025-08-13 13:23:28 | INFO | main:395 - view server @ https://localhost:9443-{}
2025-08-13 13:23:31 | SUCCESS | get_platform_origin:367 - Got response from https://localhost:9443/open-metadata/platform-services/users/erinoverview/server-platform/origin
 Response: Egeria OMAG Server Platform (version 5.4-SNAPSHOT)-{}
2025-08-13 13:23:31 | INFO | __init__:76 - CollectionManager initialized, platform origin is: True-{}
2025-08-13 13:26:51 | INFO | main:395 - view server @ https://localhost:9443-{}
2025-08-13 13:26:53 | SUCCESS | get_platform_origin:367 - Got response from https://localhost:9443/open-metadata/platform-services/users/erinoverview/server-platform/origin
 Response: Egeria OMAG Server Platform (version 5.4-SNAPSHOT)-{}
2025-08-13 13:26:53 | INFO | __init__:76 - CollectionManager initialized, platform origin is: True-{}
2025-08-13 13:39:15 | INFO | main:396 - view server @ https://localhost:9443-{}
2025-08-13 13:39:16 | SUCCESS | get_platform_origin:367 - Got response from https://localhost:9443/open-metadata/platform-services/users/erinoverview/server-platform/origin
 Response: Egeria OMAG Server Platform (version 5.4-SNAPSHOT)-{}
2025-08-13 13:39:16 | INFO | __init__:76 - CollectionManager initialized, platform origin is: True-{}
2025-08-13 13:43:22 | INFO | main:396 - view server @ https://localhost:9443-{}
2025-08-13 13:43:23 | SUCCESS | get_platform_origin:367 - Got response from https://localhost:9443/open-metadata/platform-services/users/erinoverview/server-platform/origin
 Response: Egeria OMAG Server Platform (version 5.4-SNAPSHOT)-{}
2025-08-13 13:43:23 | INFO | __init__:76 - CollectionManager initialized, platform origin is: True-{}
2025-08-13 14:09:34 | INFO | main:396 - view server @ https://localhost:9443-{}
2025-08-13 14:09:35 | SUCCESS | get_platform_origin:367 - Got response from https://localhost:9443/open-metadata/platform-services/users/erinoverview/server-platform/origin
 Response: Egeria OMAG Server Platform (version 5.4-SNAPSHOT)-{}
2025-08-13 14:09:35 | INFO | __init__:133 - CollectionManager initialized, platform origin is: True-{}
2025-08-13 14:13:06 | INFO | main:395 - view server @ https://localhost:9443-{}
2025-08-13 14:13:06 | SUCCESS | get_platform_origin:367 - Got response from https://localhost:9443/open-metadata/platform-services/users/erinoverview/server-platform/origin
 Response: Egeria OMAG Server Platform (version 5.4-SNAPSHOT)-{}
2025-08-13 14:13:06 | INFO | __init__:76 - CollectionManager initialized, platform origin is: True-{}
2025-08-13 14:13:06 | SUCCESS | get_platform_origin:367 - Got response from https://localhost:9443/open-metadata/platform-services/users/erinoverview/server-platform/origin
 Response: Egeria OMAG Server Platform (version 5.4-SNAPSHOT)-{}
2025-08-13 14:13:06 | INFO | __init__:133 - CollectionManager initialized, platform origin is: True-{}
2025-08-13 14:14:20 | INFO | main:395 - view server @ https://localhost:9443-{}
2025-08-13 14:14:52 | INFO | main:395 - view server @ https://localhost:9443-{}
2025-08-13 14:14:53 | SUCCESS | get_platform_origin:367 - Got response from https://localhost:9443/open-metadata/platform-services/users/erinoverview/server-platform/origin
 Response: Egeria OMAG Server Platform (version 5.4-SNAPSHOT)-{}
2025-08-13 14:14:53 | INFO | __init__:76 - CollectionManager initialized, platform origin is: True-{}
2025-08-13 14:14:53 | SUCCESS | get_platform_origin:367 - Got response from https://localhost:9443/open-metadata/platform-services/users/erinoverview/server-platform/origin
 Response: Egeria OMAG Server Platform (version 5.4-SNAPSHOT)-{}
2025-08-13 14:14:53 | INFO | __init__:133 - CollectionManager initialized, platform origin is: True-{}
2025-08-13 14:15:45 | INFO | main:396 - view server @ https://localhost:9443-{}
2025-08-13 14:15:46 | SUCCESS | get_platform_origin:367 - Got response from https://localhost:9443/open-metadata/platform-services/users/erinoverview/server-platform/origin
 Response: Egeria OMAG Server Platform (version 5.4-SNAPSHOT)-{}
2025-08-13 14:15:46 | INFO | __init__:76 - CollectionManager initialized, platform origin is: True-{}
2025-08-13 14:16:32 | INFO | main:396 - view server @ https://localhost:9443-{}
2025-08-13 14:16:34 | SUCCESS | get_platform_origin:367 - Got response from https://localhost:9443/open-metadata/platform-services/users/erinoverview/server-platform/origin
 Response: Egeria OMAG Server Platform (version 5.4-SNAPSHOT)-{}
2025-08-13 14:16:34 | INFO | __init__:133 - CollectionManager initialized, platform origin is: True-{}
2025-08-13 14:17:29 | INFO | main:396 - view server @ https://localhost:9443-{}
2025-08-13 14:17:30 | SUCCESS | get_platform_origin:367 - Got response from https://localhost:9443/open-metadata/platform-services/users/erinoverview/server-platform/origin
 Response: Egeria OMAG Server Platform (version 5.4-SNAPSHOT)-{}
2025-08-13 14:17:30 | INFO | __init__:76 - CollectionManager initialized, platform origin is: True-{}
2025-08-13 14:17:30 | SUCCESS | get_platform_origin:367 - Got response from https://localhost:9443/open-metadata/platform-services/users/erinoverview/server-platform/origin
 Response: Egeria OMAG Server Platform (version 5.4-SNAPSHOT)-{}
2025-08-13 14:17:30 | INFO | __init__:133 - CollectionManager initialized, platform origin is: True-{}
2025-08-13 14:17:53 | INFO | main:396 - view server @ https://localhost:9443-{}
2025-08-13 14:17:54 | SUCCESS | get_platform_origin:367 - Got response from https://localhost:9443/open-metadata/platform-services/users/erinoverview/server-platform/origin
 Response: Egeria OMAG Server Platform (version 5.4-SNAPSHOT)-{}
2025-08-13 14:17:54 | INFO | __init__:133 - CollectionManager initialized, platform origin is: True-{}
2025-08-14 11:00:52 | INFO | main:396 - view server @ https://localhost:9443-{}
2025-08-14 11:06:41 | INFO | main:396 - view server @ https://localhost:9443-{}
2025-08-14 11:06:51 | INFO | main:396 - view server @ https://localhost:9443-{}
2025-08-14 11:08:01 | INFO | main:396 - view server @ https://localhost:9443-{}
2025-08-14 11:09:45 | INFO | main:396 - view server @ https://localhost:9443-{}
2025-08-14 11:11:03 | ERROR | select_output_format_set:454 - No matching column set found for kind='Governance Definitions --output-format TABLE' and output type='ANY'.-{}
2025-08-14 11:12:25 | INFO | main:396 - view server @ https://localhost:9443-{}
2025-08-14 11:20:14 | INFO | main:399 - view server @ https://localhost:9443-{}
2025-08-14 11:21:19 | INFO | main:399 - view server @ https://localhost:9443-{}
2025-08-14 11:24:05 | INFO | main:399 - view server @ https://localhost:9443-{}
2025-08-14 11:26:08 | INFO | main:399 - view server @ https://localhost:9443-{}
2025-08-14 11:32:24 | INFO | main:399 - view server @ https://localhost:9443-{}
2025-08-14 11:35:13 | INFO | main:399 - view server @ https://localhost:9443-{}
2025-08-14 11:36:29 | INFO | main:399 - view server @ https://localhost:9443-{}
