2025-07-14 14:28:14,690 - info_logger - INFO - Found 0 internal links from https://example.com
2025-07-14 14:29:24,296 - info_logger - INFO - Found 0 internal links from https://dnilsolutions.com
2025-07-14 14:33:14,595 - info_logger - INFO - Found 2 internal links from https://example.com
2025-07-14 14:33:17,329 - info_logger - INFO - Found 0 internal links from https://example.com
2025-07-14 14:33:44,910 - info_logger - INFO - Found 0 internal links from https://httpbin.org/delay/2
2025-07-14 14:33:44,973 - info_logger - INFO - Scraping page: https://example.com (use_dynamic=False)
2025-07-14 14:33:44,977 - info_logger - INFO - Successfully fetched HTML for https://example.com
2025-07-14 14:33:45,003 - info_logger - INFO - Scraping page: https://example.com (use_dynamic=True)
2025-07-14 14:33:45,006 - info_logger - INFO - Successfully fetched HTML for https://example.com
2025-07-14 14:40:31,221 - info_logger - INFO - Found 39 internal links from https://www.pinecone.io/
2025-07-14 14:40:31,236 - info_logger - INFO - Scraping page: https://docs.pinecone.io/guides/inference/rerank (use_dynamic=False)
2025-07-14 14:40:32,751 - info_logger - INFO - Scraping page: https://www.pinecone.io/partners/ (use_dynamic=False)
2025-07-14 14:40:34,012 - info_logger - INFO - Successfully fetched HTML for https://www.pinecone.io/partners/
2025-07-14 14:40:34,060 - info_logger - INFO - Scraping page: https://docs.pinecone.io (use_dynamic=False)
2025-07-14 14:40:35,182 - info_logger - INFO - Scraping page: https://docs.pinecone.io/docs/get-started/overview (use_dynamic=False)
2025-07-14 14:40:36,480 - info_logger - INFO - Scraping page: https://www.pinecone.io/customers/frontier-medicines/ (use_dynamic=False)
2025-07-14 14:40:37,800 - info_logger - INFO - Successfully fetched HTML for https://www.pinecone.io/customers/frontier-medicines/
2025-07-14 14:40:37,860 - info_logger - INFO - Scraping page: https://www.pinecone.io/product/assistant/ (use_dynamic=False)
2025-07-14 14:40:39,282 - info_logger - INFO - Successfully fetched HTML for https://www.pinecone.io/product/assistant/
2025-07-14 14:40:39,322 - info_logger - INFO - Scraping page: https://docs.pinecone.io/guides/data/query-data (use_dynamic=False)
2025-07-14 14:40:40,720 - info_logger - INFO - Scraping page: https://www.pinecone.io/learn/vector-database/ (use_dynamic=False)
2025-07-14 14:40:42,249 - info_logger - INFO - Successfully fetched HTML for https://www.pinecone.io/learn/vector-database/
2025-07-14 14:40:42,303 - info_logger - INFO - Scraping page: https://www.pinecone.io/careers/ (use_dynamic=False)
2025-07-14 14:40:44,300 - info_logger - INFO - Successfully fetched HTML for https://www.pinecone.io/careers/
2025-07-14 14:40:44,369 - info_logger - INFO - Scraping page: https://www.pinecone.io/contact/ (use_dynamic=False)
2025-07-14 14:40:45,837 - info_logger - INFO - Successfully fetched HTML for https://www.pinecone.io/contact/
2025-07-14 14:40:45,891 - info_logger - INFO - Scraping page: https://www.pinecone.io/learn/ (use_dynamic=False)
2025-07-14 14:40:47,600 - info_logger - INFO - Successfully fetched HTML for https://www.pinecone.io/learn/
2025-07-14 14:40:47,661 - info_logger - INFO - Scraping page: https://docs.pinecone.io/models/overview (use_dynamic=False)
2025-07-14 14:40:49,036 - info_logger - INFO - Successfully fetched HTML for https://docs.pinecone.io/models/overview
2025-07-14 14:40:49,077 - info_logger - INFO - Scraping page: https://www.pinecone.io/terms/ (use_dynamic=False)
2025-07-14 14:40:50,336 - info_logger - INFO - Successfully fetched HTML for https://www.pinecone.io/terms/
2025-07-14 14:40:50,381 - info_logger - INFO - Scraping page: https://app.pinecone.io/?sessionType=signup (use_dynamic=False)
2025-07-14 14:40:51,665 - info_logger - INFO - Successfully fetched HTML for https://app.pinecone.io/?sessionType=signup
2025-07-14 14:40:51,683 - info_logger - INFO - Scraping page: https://www.pinecone.io/customers/terminal-x/ (use_dynamic=False)
2025-07-14 14:40:53,516 - info_logger - INFO - Successfully fetched HTML for https://www.pinecone.io/customers/terminal-x/
2025-07-14 14:40:53,598 - info_logger - INFO - Scraping page: https://docs.pinecone.io/guides/indexes/understanding-indexes (use_dynamic=False)
2025-07-14 14:40:55,010 - info_logger - INFO - Scraping page: https://docs.pinecone.io/guides/indexes/implement-multitenancy (use_dynamic=False)
2025-07-14 14:40:56,212 - info_logger - INFO - Scraping page: https://www.pinecone.io/customers/ (use_dynamic=False)
2025-07-14 14:40:57,892 - info_logger - INFO - Successfully fetched HTML for https://www.pinecone.io/customers/
2025-07-14 14:40:57,952 - info_logger - INFO - Scraping page: https://app.pinecone.io/?sessionType=login (use_dynamic=False)
2025-07-14 14:40:59,090 - info_logger - INFO - Successfully fetched HTML for https://app.pinecone.io/?sessionType=login
2025-07-14 14:40:59,104 - info_logger - INFO - Scraping page: https://www.pinecone.io/blog/cascading-retrieval/ (use_dynamic=False)
2025-07-14 14:41:00,594 - info_logger - INFO - Successfully fetched HTML for https://www.pinecone.io/blog/cascading-retrieval/
2025-07-14 14:41:00,644 - info_logger - INFO - Scraping page: https://www.pinecone.io/integrations/ (use_dynamic=False)
2025-07-14 14:41:01,636 - info_logger - INFO - Scraping page: https://community.pinecone.io/ (use_dynamic=False)
2025-07-14 14:41:03,244 - info_logger - INFO - Successfully fetched HTML for https://community.pinecone.io/
2025-07-14 14:41:03,321 - info_logger - INFO - Scraping page: https://www.pinecone.io/blog/ (use_dynamic=False)
2025-07-14 14:41:06,115 - info_logger - INFO - Successfully fetched HTML for https://www.pinecone.io/blog/
2025-07-14 14:41:06,281 - info_logger - INFO - Scraping page: https://www.pinecone.io/privacy/ (use_dynamic=False)
2025-07-14 14:41:08,163 - info_logger - INFO - Successfully fetched HTML for https://www.pinecone.io/privacy/
2025-07-14 14:41:08,243 - info_logger - INFO - Scraping page: https://www.pinecone.io/product/ (use_dynamic=False)
2025-07-14 14:41:10,104 - info_logger - INFO - Successfully fetched HTML for https://www.pinecone.io/product/
2025-07-14 14:41:10,184 - info_logger - INFO - Scraping page: https://www.pinecone.io/contact/?contact_form_inquiry_type=Sales (use_dynamic=False)
2025-07-14 14:41:11,497 - info_logger - INFO - Successfully fetched HTML for https://www.pinecone.io/contact/?contact_form_inquiry_type=Sales
2025-07-14 14:41:11,548 - info_logger - INFO - Scraping page: https://status.pinecone.io/ (use_dynamic=False)
2025-07-14 14:41:14,016 - info_logger - INFO - Successfully fetched HTML for https://status.pinecone.io/
2025-07-14 14:41:14,409 - info_logger - INFO - Scraping page: https://www.pinecone.io/newsroom/ (use_dynamic=False)
2025-07-14 14:41:18,888 - info_logger - INFO - Successfully fetched HTML for https://www.pinecone.io/newsroom/
2025-07-14 14:41:19,086 - info_logger - INFO - Scraping page: https://www.pinecone.io/legal/ (use_dynamic=False)
2025-07-14 14:41:20,552 - info_logger - INFO - Successfully fetched HTML for https://www.pinecone.io/legal/
2025-07-14 14:41:20,616 - info_logger - INFO - Scraping page: https://docs.pinecone.io/reference/architecture/serverless-architecture (use_dynamic=False)
2025-07-14 14:41:21,779 - info_logger - INFO - Successfully fetched HTML for https://docs.pinecone.io/reference/architecture/serverless-architecture
2025-07-14 14:41:21,848 - info_logger - INFO - Scraping page: https://www.pinecone.io/security/ (use_dynamic=False)
2025-07-14 14:41:23,311 - info_logger - INFO - Successfully fetched HTML for https://www.pinecone.io/security/
2025-07-14 14:41:23,388 - info_logger - INFO - Scraping page: https://www.pinecone.io/learn/retrieval-augmented-generation/ (use_dynamic=False)
2025-07-14 14:41:24,879 - info_logger - INFO - Successfully fetched HTML for https://www.pinecone.io/learn/retrieval-augmented-generation/
2025-07-14 14:41:24,958 - info_logger - INFO - Scraping page: https://www.pinecone.io/pricing/ (use_dynamic=False)
2025-07-14 14:41:26,716 - info_logger - INFO - Successfully fetched HTML for https://www.pinecone.io/pricing/
2025-07-14 14:41:26,789 - info_logger - INFO - Scraping page: https://docs.pinecone.io/ (use_dynamic=False)
2025-07-14 14:41:27,784 - info_logger - INFO - Scraping page: https://www.pinecone.io/customers/gong/ (use_dynamic=False)
2025-07-14 14:41:29,702 - info_logger - INFO - Successfully fetched HTML for https://www.pinecone.io/customers/gong/
2025-07-14 14:41:29,745 - info_logger - INFO - Scraping page: https://docs.pinecone.io/integrations/overview (use_dynamic=False)
2025-07-14 14:41:31,239 - info_logger - INFO - Successfully fetched HTML for https://docs.pinecone.io/integrations/overview
2025-07-14 14:41:31,316 - info_logger - INFO - Scraping page: https://www.pinecone.io/cookies/ (use_dynamic=False)
2025-07-14 14:41:32,833 - info_logger - INFO - Successfully fetched HTML for https://www.pinecone.io/cookies/
2025-07-14 14:41:32,866 - info_logger - INFO - Scraping page: https://app.pinecone.io/ (use_dynamic=False)
2025-07-14 14:41:33,854 - info_logger - INFO - Successfully fetched HTML for https://app.pinecone.io/
2025-07-14 14:41:33,872 - info_logger - INFO - Scraping page: https://www.pinecone.io/company/ (use_dynamic=False)
2025-07-14 14:41:35,532 - info_logger - INFO - Successfully fetched HTML for https://www.pinecone.io/company/
2025-07-14 14:46:17,908 - info_logger - INFO - Found 341 internal links from https://www.pinecone.io
2025-07-14 14:46:20,796 - info_logger - INFO - Found 0 internal links from https://example.com
2025-07-14 14:47:24,024 - info_logger - INFO - Found 0 internal links from https://httpbin.org/delay/2
2025-07-14 14:47:24,091 - info_logger - INFO - Scraping page: https://www.pinecone.io/ (use_dynamic=False)
2025-07-14 14:47:25,405 - info_logger - INFO - Successfully fetched HTML for https://www.pinecone.io/
2025-07-14 14:47:25,513 - info_logger - INFO - Scraping page: https://www.pinecone.io/ (use_dynamic=True)
2025-07-14 14:47:26,781 - info_logger - INFO - Successfully fetched HTML for https://www.pinecone.io/
2025-07-14 14:54:38,360 - info_logger - INFO - Found 341 internal links from https://www.pinecone.io
2025-07-14 14:54:38,704 - info_logger - INFO - Scraping page: https://www.pinecone.io/ (use_dynamic=False)
2025-07-14 14:54:40,481 - info_logger - INFO - Successfully fetched HTML for https://www.pinecone.io/
2025-07-14 14:54:40,557 - info_logger - INFO - Scraping page: https://www.pinecone.io/ (use_dynamic=True)
2025-07-14 14:54:41,756 - info_logger - INFO - Successfully fetched HTML for https://www.pinecone.io/
2025-07-14 15:00:41,388 - info_logger - INFO - Found 26 internal links from https://www.pinecone.io
2025-07-14 15:00:41,447 - info_logger - INFO - Scraping page: https://www.pinecone.io/ (use_dynamic=False)
2025-07-14 15:00:44,711 - info_logger - INFO - Successfully fetched HTML for https://www.pinecone.io/
2025-07-14 15:00:44,774 - info_logger - INFO - Scraping page: https://www.pinecone.io/ (use_dynamic=True)
2025-07-14 15:00:45,952 - info_logger - INFO - Successfully fetched HTML for https://www.pinecone.io/
2025-07-16 10:44:30,148 - info_logger - INFO - [bold cyan]🌐 Starting crawl for:[/] https://www.pinecone.io/ (depth=0)
2025-07-16 10:44:31,169 - info_logger - INFO - Found 1 internal links from https://www.pinecone.io/
2025-07-16 10:44:31,171 - info_logger - INFO - [bold green]🔗 Found 1 internal links[/]
2025-07-16 10:44:31,172 - info_logger - INFO - Scraping page: https://www.pinecone.io/ (use_dynamic=False)
2025-07-16 10:44:32,176 - info_logger - INFO - Successfully fetched HTML for https://www.pinecone.io/
2025-07-16 10:44:32,201 - info_logger - INFO - ✅ [green]Success[/] - 9 sections in 1.03s
2025-07-16 10:44:32,206 - info_logger - INFO - 
[bold yellow]📊 Summary:[/]
2025-07-16 10:44:32,208 - info_logger - INFO -   ✅ [green]Successful pages:[/] 1
2025-07-16 10:44:32,209 - info_logger - INFO -   ❌ [red]Failed pages:[/]     0
2025-07-16 10:44:32,210 - info_logger - INFO -   📄 Total sections:           9
2025-07-16 10:44:32,211 - info_logger - INFO -   💾 Output saved to:          test_output.json
2025-07-16 10:45:20,565 - info_logger - INFO - [bold cyan]🌐 Starting crawl for:[/] https://www.dnilsolutions.com/ (depth=0)
2025-07-16 10:45:22,155 - info_logger - INFO - Found 1 internal links from https://www.dnilsolutions.com/
2025-07-16 10:45:22,159 - info_logger - INFO - [bold green]🔗 Found 1 internal links[/]
2025-07-16 10:45:22,164 - info_logger - INFO - Scraping page: https://www.dnilsolutions.com/ (use_dynamic=False)
2025-07-16 10:45:23,903 - info_logger - INFO - Successfully fetched HTML for https://www.dnilsolutions.com/
2025-07-16 10:45:23,927 - info_logger - INFO - ✅ [green]Success[/] - 10 sections in 1.76s
2025-07-16 10:45:23,933 - info_logger - INFO - 
[bold yellow]📊 Summary:[/]
2025-07-16 10:45:23,934 - info_logger - INFO -   ✅ [green]Successful pages:[/] 1
2025-07-16 10:45:23,942 - info_logger - INFO -   ❌ [red]Failed pages:[/]     0
2025-07-16 10:45:23,945 - info_logger - INFO -   📄 Total sections:           10
2025-07-16 10:45:23,947 - info_logger - INFO -   💾 Output saved to:          test_output.json
2025-07-16 10:50:32,671 - info_logger - INFO - [bold cyan]🌐 Starting crawl for:[/] https://www.dnilsolutions.com/ (depth=0)
2025-07-16 10:50:34,433 - info_logger - INFO - Found 1 internal links from https://www.dnilsolutions.com/
2025-07-16 10:50:34,435 - info_logger - INFO - [bold green]🔗 Found 1 internal links[/]
2025-07-16 10:50:34,437 - info_logger - INFO - Scraping page: https://www.dnilsolutions.com/ (use_dynamic=False)
2025-07-16 10:50:39,162 - info_logger - INFO - Successfully fetched HTML for https://www.dnilsolutions.com/
2025-07-16 10:50:39,191 - info_logger - INFO - ✅ [green]Success[/] - 10 sections in 4.75s
2025-07-16 10:50:39,196 - info_logger - INFO - 
[bold yellow]📊 Summary:[/]
2025-07-16 10:50:39,198 - info_logger - INFO -   ✅ [green]Successful pages:[/] 1
2025-07-16 10:50:39,199 - info_logger - INFO -   ❌ [red]Failed pages:[/]     0
2025-07-16 10:50:39,200 - info_logger - INFO -   📄 Total sections:           10
2025-07-16 10:50:39,202 - info_logger - INFO -   💾 Output saved to:          test_output.json
2025-08-15 09:11:06,769 - info_logger - INFO - [bold cyan]🌐 Starting crawl for:[/] https://www.dnilsolutions.com/ (depth=0)
2025-08-15 09:11:08,518 - info_logger - INFO - Found 1 internal links from https://www.dnilsolutions.com/
2025-08-15 09:11:08,522 - info_logger - INFO - [bold green]🔗 Found 1 internal links[/]
2025-08-15 09:11:08,524 - info_logger - INFO - Scraping page: https://www.dnilsolutions.com/ (use_dynamic=False)
2025-08-15 09:11:12,990 - info_logger - INFO - Successfully fetched HTML for https://www.dnilsolutions.com/
2025-08-15 09:11:13,015 - info_logger - INFO - ✅ [green]Success[/] - 10 sections in 4.49s
2025-08-15 09:11:13,020 - info_logger - INFO - 
[bold yellow]📊 Summary:[/]
2025-08-15 09:11:13,027 - info_logger - INFO -   ✅ [green]Successful pages:[/] 1
2025-08-15 09:11:13,041 - info_logger - INFO -   ❌ [red]Failed pages:[/]     0
2025-08-15 09:11:13,045 - info_logger - INFO -   📄 Total sections:           10
2025-08-15 09:11:13,048 - info_logger - INFO -   💾 Output saved to:          test_output.json
2025-08-15 09:28:56,590 - info_logger - INFO - [bold cyan]🌐 Starting crawl for:[/] https://www.dnilsolutions.com/ (depth=3)
2025-08-15 09:29:08,965 - info_logger - INFO - Found 10 internal links from https://www.dnilsolutions.com/
2025-08-15 09:29:08,970 - info_logger - INFO - [bold green]🔗 Found 10 internal links[/]
2025-08-15 09:29:08,975 - info_logger - INFO - Scraping page: https://www.dnilsolutions.com/services (use_dynamic=False)
2025-08-15 09:29:11,125 - info_logger - INFO - Successfully fetched HTML for https://www.dnilsolutions.com/services
2025-08-15 09:29:11,174 - info_logger - INFO - ✅ [green]Success[/] - 10 sections in 2.2s
2025-08-15 09:29:11,180 - info_logger - INFO - Scraping page: https://www.dnilsolutions.com/case-studies/lsetf (use_dynamic=False)
2025-08-15 09:29:12,853 - info_logger - INFO - Successfully fetched HTML for https://www.dnilsolutions.com/case-studies/lsetf
2025-08-15 09:29:12,910 - info_logger - INFO - ✅ [green]Success[/] - 10 sections in 1.73s
2025-08-15 09:29:12,915 - info_logger - INFO - Scraping page: https://www.dnilsolutions.com/case-studies/dbn (use_dynamic=False)
2025-08-15 09:29:14,721 - info_logger - INFO - Successfully fetched HTML for https://www.dnilsolutions.com/case-studies/dbn
2025-08-15 09:29:14,773 - info_logger - INFO - ✅ [green]Success[/] - 10 sections in 1.86s
2025-08-15 09:29:14,785 - info_logger - INFO - Scraping page: https://www.dnilsolutions.com/industries (use_dynamic=False)
2025-08-15 09:29:16,597 - info_logger - INFO - Successfully fetched HTML for https://www.dnilsolutions.com/industries
2025-08-15 09:29:16,638 - info_logger - INFO - ✅ [green]Success[/] - 10 sections in 1.85s
2025-08-15 09:29:16,643 - info_logger - INFO - Scraping page: https://www.dnilsolutions.com/ (use_dynamic=False)
2025-08-15 09:29:19,090 - info_logger - INFO - Successfully fetched HTML for https://www.dnilsolutions.com/
2025-08-15 09:29:19,156 - info_logger - INFO - ✅ [green]Success[/] - 10 sections in 2.51s
2025-08-15 09:29:19,166 - info_logger - INFO - Scraping page: https://www.dnilsolutions.com/team (use_dynamic=False)
2025-08-15 09:29:21,469 - info_logger - INFO - Successfully fetched HTML for https://www.dnilsolutions.com/team
2025-08-15 09:29:21,511 - info_logger - INFO - ✅ [green]Success[/] - 10 sections in 2.35s
2025-08-15 09:29:21,517 - info_logger - INFO - Scraping page: https://www.dnilsolutions.com/contact (use_dynamic=False)
2025-08-15 09:29:25,748 - info_logger - INFO - Successfully fetched HTML for https://www.dnilsolutions.com/contact
2025-08-15 09:29:25,774 - info_logger - INFO - ✅ [green]Success[/] - 10 sections in 4.26s
2025-08-15 09:29:25,779 - info_logger - INFO - Scraping page: https://www.dnilsolutions.com/about-us (use_dynamic=False)
2025-08-15 09:29:28,091 - info_logger - INFO - Successfully fetched HTML for https://www.dnilsolutions.com/about-us
2025-08-15 09:29:28,126 - info_logger - INFO - ✅ [green]Success[/] - 10 sections in 2.35s
2025-08-15 09:29:28,131 - info_logger - INFO - Scraping page: https://www.dnilsolutions.com/partners (use_dynamic=False)
2025-08-15 09:29:30,407 - info_logger - INFO - Scraping page: https://www.dnilsolutions.com/company/search-jobs (use_dynamic=False)
2025-08-15 09:29:31,920 - info_logger - INFO - Successfully fetched HTML for https://www.dnilsolutions.com/company/search-jobs
2025-08-15 09:29:31,948 - info_logger - INFO - ✅ [green]Success[/] - 10 sections in 1.54s
2025-08-15 09:29:31,955 - info_logger - INFO - 
[bold yellow]📊 Summary:[/]
2025-08-15 09:29:31,960 - info_logger - INFO -   ✅ [green]Successful pages:[/] 9
2025-08-15 09:29:31,965 - info_logger - INFO -   ❌ [red]Failed pages:[/]     1
2025-08-15 09:29:31,970 - info_logger - INFO -   📄 Total sections:           90
2025-08-15 09:31:20,766 - info_logger - INFO - [bold cyan]🌐 Starting crawl for:[/] https://www.dnilsolutions.com/ (depth=3)
2025-08-15 09:31:40,058 - info_logger - INFO - Found 10 internal links from https://www.dnilsolutions.com/
2025-08-15 09:31:40,063 - info_logger - INFO - [bold green]🔗 Found 10 internal links[/]
2025-08-15 09:31:40,067 - info_logger - INFO - Scraping page: https://www.dnilsolutions.com/contact (use_dynamic=False)
2025-08-15 09:31:47,824 - info_logger - INFO - Successfully fetched HTML for https://www.dnilsolutions.com/contact
2025-08-15 09:31:47,851 - info_logger - INFO - ✅ [green]Success[/] - 10 sections in 7.78s
2025-08-15 09:31:47,857 - info_logger - INFO - Scraping page: https://www.dnilsolutions.com/company/search-jobs (use_dynamic=False)
2025-08-15 09:31:50,078 - info_logger - INFO - Successfully fetched HTML for https://www.dnilsolutions.com/company/search-jobs
2025-08-15 09:31:50,108 - info_logger - INFO - ✅ [green]Success[/] - 10 sections in 2.25s
2025-08-15 09:31:50,115 - info_logger - INFO - Scraping page: https://www.dnilsolutions.com/industries (use_dynamic=False)
2025-08-15 09:31:58,373 - info_logger - INFO - Successfully fetched HTML for https://www.dnilsolutions.com/industries
2025-08-15 09:31:58,447 - info_logger - INFO - ✅ [green]Success[/] - 10 sections in 8.33s
2025-08-15 09:31:58,452 - info_logger - INFO - Scraping page: https://www.dnilsolutions.com/services (use_dynamic=False)
2025-08-15 09:32:02,345 - info_logger - INFO - Successfully fetched HTML for https://www.dnilsolutions.com/services
2025-08-15 09:32:02,388 - info_logger - INFO - ✅ [green]Success[/] - 10 sections in 3.94s
2025-08-15 09:32:02,394 - info_logger - INFO - Scraping page: https://www.dnilsolutions.com/ (use_dynamic=False)
2025-08-15 09:32:08,715 - info_logger - INFO - Successfully fetched HTML for https://www.dnilsolutions.com/
2025-08-15 09:32:08,795 - info_logger - INFO - ✅ [green]Success[/] - 10 sections in 6.4s
2025-08-15 09:32:08,799 - info_logger - INFO - Scraping page: https://www.dnilsolutions.com/case-studies/lsetf (use_dynamic=False)
2025-08-15 09:32:11,226 - info_logger - INFO - Successfully fetched HTML for https://www.dnilsolutions.com/case-studies/lsetf
2025-08-15 09:32:11,300 - info_logger - INFO - ✅ [green]Success[/] - 10 sections in 2.5s
2025-08-15 09:32:11,309 - info_logger - INFO - Scraping page: https://www.dnilsolutions.com/about-us (use_dynamic=False)
2025-08-15 09:32:14,963 - info_logger - INFO - Successfully fetched HTML for https://www.dnilsolutions.com/about-us
2025-08-15 09:32:15,035 - info_logger - INFO - ✅ [green]Success[/] - 10 sections in 3.73s
2025-08-15 09:32:15,041 - info_logger - INFO - Scraping page: https://www.dnilsolutions.com/case-studies/dbn (use_dynamic=False)
2025-08-15 09:32:17,750 - info_logger - INFO - Successfully fetched HTML for https://www.dnilsolutions.com/case-studies/dbn
2025-08-15 09:32:17,808 - info_logger - INFO - ✅ [green]Success[/] - 10 sections in 2.77s
2025-08-15 09:32:17,812 - info_logger - INFO - Scraping page: https://www.dnilsolutions.com/partners (use_dynamic=False)
2025-08-15 09:32:19,423 - info_logger - INFO - Scraping page: https://www.dnilsolutions.com/team (use_dynamic=False)
2025-08-15 09:32:26,278 - info_logger - INFO - Successfully fetched HTML for https://www.dnilsolutions.com/team
2025-08-15 09:32:26,323 - info_logger - INFO - ✅ [green]Success[/] - 10 sections in 6.9s
2025-08-15 09:32:26,331 - info_logger - INFO - 
[bold yellow]📊 Summary:[/]
2025-08-15 09:32:26,340 - info_logger - INFO -   ✅ [green]Successful pages:[/] 9
2025-08-15 09:32:26,347 - info_logger - INFO -   ❌ [red]Failed pages:[/]     1
2025-08-15 09:32:26,352 - info_logger - INFO -   📄 Total sections:           90
2025-08-15 09:33:29,929 - info_logger - INFO - [bold cyan]🌐 Starting crawl for:[/] https://www.dnilsolutions.com/ (depth=3)
2025-08-15 09:33:52,692 - info_logger - INFO - Found 10 internal links from https://www.dnilsolutions.com/
2025-08-15 09:33:52,697 - info_logger - INFO - [bold green]🔗 Found 10 internal links[/]
2025-08-15 09:33:52,701 - info_logger - INFO - Scraping page: https://www.dnilsolutions.com/industries (use_dynamic=False)
2025-08-15 09:33:54,982 - info_logger - INFO - Successfully fetched HTML for https://www.dnilsolutions.com/industries
2025-08-15 09:33:55,020 - info_logger - INFO - ✅ [green]Success[/] - 10 sections in 2.32s
2025-08-15 09:33:55,026 - info_logger - INFO - Scraping page: https://www.dnilsolutions.com/services (use_dynamic=False)
2025-08-15 09:33:56,866 - info_logger - INFO - Successfully fetched HTML for https://www.dnilsolutions.com/services
2025-08-15 09:33:56,931 - info_logger - INFO - ✅ [green]Success[/] - 10 sections in 1.9s
2025-08-15 09:33:56,937 - info_logger - INFO - Scraping page: https://www.dnilsolutions.com/case-studies/lsetf (use_dynamic=False)
2025-08-15 09:33:59,015 - info_logger - INFO - Successfully fetched HTML for https://www.dnilsolutions.com/case-studies/lsetf
2025-08-15 09:33:59,056 - info_logger - INFO - ✅ [green]Success[/] - 10 sections in 2.12s
2025-08-15 09:33:59,062 - info_logger - INFO - Scraping page: https://www.dnilsolutions.com/case-studies/dbn (use_dynamic=False)
2025-08-15 09:34:01,069 - info_logger - INFO - Successfully fetched HTML for https://www.dnilsolutions.com/case-studies/dbn
2025-08-15 09:34:01,109 - info_logger - INFO - ✅ [green]Success[/] - 10 sections in 2.05s
2025-08-15 09:34:01,114 - info_logger - INFO - Scraping page: https://www.dnilsolutions.com/contact (use_dynamic=False)
2025-08-15 09:34:03,423 - info_logger - INFO - Successfully fetched HTML for https://www.dnilsolutions.com/contact
2025-08-15 09:34:03,475 - info_logger - INFO - ✅ [green]Success[/] - 10 sections in 2.36s
2025-08-15 09:34:03,480 - info_logger - INFO - Scraping page: https://www.dnilsolutions.com/about-us (use_dynamic=False)
2025-08-15 09:34:07,927 - info_logger - INFO - Successfully fetched HTML for https://www.dnilsolutions.com/about-us
2025-08-15 09:34:07,952 - info_logger - INFO - ✅ [green]Success[/] - 10 sections in 4.47s
2025-08-15 09:34:07,956 - info_logger - INFO - Scraping page: https://www.dnilsolutions.com/ (use_dynamic=False)
2025-08-15 09:34:10,141 - info_logger - INFO - Successfully fetched HTML for https://www.dnilsolutions.com/
2025-08-15 09:34:10,174 - info_logger - INFO - ✅ [green]Success[/] - 10 sections in 2.22s
2025-08-15 09:34:10,188 - info_logger - INFO - Scraping page: https://www.dnilsolutions.com/company/search-jobs (use_dynamic=False)
2025-08-15 09:34:15,585 - info_logger - INFO - Successfully fetched HTML for https://www.dnilsolutions.com/company/search-jobs
2025-08-15 09:34:15,652 - info_logger - INFO - ✅ [green]Success[/] - 10 sections in 5.46s
2025-08-15 09:34:15,662 - info_logger - INFO - Scraping page: https://www.dnilsolutions.com/partners (use_dynamic=False)
2025-08-15 09:34:17,461 - info_logger - INFO - Scraping page: https://www.dnilsolutions.com/team (use_dynamic=False)
2025-08-15 09:34:22,981 - info_logger - INFO - Successfully fetched HTML for https://www.dnilsolutions.com/team
2025-08-15 09:34:23,011 - info_logger - INFO - ✅ [green]Success[/] - 10 sections in 5.55s
2025-08-15 09:34:23,017 - info_logger - INFO - 
[bold yellow]📊 Summary:[/]
2025-08-15 09:34:23,021 - info_logger - INFO -   ✅ [green]Successful pages:[/] 9
2025-08-15 09:34:23,026 - info_logger - INFO -   ❌ [red]Failed pages:[/]     1
2025-08-15 09:34:23,033 - info_logger - INFO -   📄 Total sections:           90
2025-08-15 09:34:59,024 - info_logger - INFO - [bold cyan]🌐 Starting crawl for:[/] https://www.dnilsolutions.com/ (depth=3)
2025-08-15 09:35:28,665 - info_logger - INFO - Found 10 internal links from https://www.dnilsolutions.com/
2025-08-15 09:35:28,671 - info_logger - INFO - [bold green]🔗 Found 10 internal links[/]
2025-08-15 09:35:28,675 - info_logger - INFO - Scraping page: https://www.dnilsolutions.com/ (use_dynamic=True)
2025-08-15 09:35:30,574 - info_logger - INFO - Successfully fetched HTML for https://www.dnilsolutions.com/
2025-08-15 09:35:30,598 - info_logger - INFO - ✅ [green]Success[/] - 10 sections in 1.92s
2025-08-15 09:35:30,601 - info_logger - INFO - Scraping page: https://www.dnilsolutions.com/case-studies/lsetf (use_dynamic=True)
2025-08-15 09:35:32,318 - info_logger - INFO - Successfully fetched HTML for https://www.dnilsolutions.com/case-studies/lsetf
2025-08-15 09:35:32,353 - info_logger - INFO - ✅ [green]Success[/] - 10 sections in 1.75s
2025-08-15 09:35:32,357 - info_logger - INFO - Scraping page: https://www.dnilsolutions.com/services (use_dynamic=True)
2025-08-15 09:35:34,067 - info_logger - INFO - Successfully fetched HTML for https://www.dnilsolutions.com/services
2025-08-15 09:35:34,094 - info_logger - INFO - ✅ [green]Success[/] - 10 sections in 1.74s
2025-08-15 09:35:34,099 - info_logger - INFO - Scraping page: https://www.dnilsolutions.com/contact (use_dynamic=True)
2025-08-15 09:35:36,053 - info_logger - INFO - Successfully fetched HTML for https://www.dnilsolutions.com/contact
2025-08-15 09:35:36,081 - info_logger - INFO - ✅ [green]Success[/] - 10 sections in 1.98s
2025-08-15 09:35:36,087 - info_logger - INFO - Scraping page: https://www.dnilsolutions.com/company/search-jobs (use_dynamic=True)
2025-08-15 09:35:37,846 - info_logger - INFO - Successfully fetched HTML for https://www.dnilsolutions.com/company/search-jobs
2025-08-15 09:35:37,876 - info_logger - INFO - ✅ [green]Success[/] - 10 sections in 1.79s
2025-08-15 09:35:37,883 - info_logger - INFO - Scraping page: https://www.dnilsolutions.com/partners (use_dynamic=True)
2025-08-15 09:35:51,288 - info_logger - INFO - Successfully fetched HTML for https://www.dnilsolutions.com/partners
2025-08-15 09:35:51,294 - info_logger - INFO - ✅ [green]Success[/] - 0 sections in 13.41s
2025-08-15 09:35:51,298 - info_logger - INFO - Scraping page: https://www.dnilsolutions.com/team (use_dynamic=True)
2025-08-15 09:35:53,137 - info_logger - INFO - Successfully fetched HTML for https://www.dnilsolutions.com/team
2025-08-15 09:35:53,176 - info_logger - INFO - ✅ [green]Success[/] - 10 sections in 1.88s
2025-08-15 09:35:53,183 - info_logger - INFO - Scraping page: https://www.dnilsolutions.com/industries (use_dynamic=True)
2025-08-15 09:35:57,777 - info_logger - INFO - Successfully fetched HTML for https://www.dnilsolutions.com/industries
2025-08-15 09:35:57,824 - info_logger - INFO - ✅ [green]Success[/] - 10 sections in 4.64s
2025-08-15 09:35:57,828 - info_logger - INFO - Scraping page: https://www.dnilsolutions.com/case-studies/dbn (use_dynamic=True)
2025-08-15 09:36:02,320 - info_logger - INFO - Successfully fetched HTML for https://www.dnilsolutions.com/case-studies/dbn
2025-08-15 09:36:02,362 - info_logger - INFO - ✅ [green]Success[/] - 10 sections in 4.53s
2025-08-15 09:36:02,368 - info_logger - INFO - Scraping page: https://www.dnilsolutions.com/about-us (use_dynamic=True)
2025-08-15 09:36:04,147 - info_logger - INFO - Successfully fetched HTML for https://www.dnilsolutions.com/about-us
2025-08-15 09:36:04,204 - info_logger - INFO - ✅ [green]Success[/] - 10 sections in 1.84s
2025-08-15 09:36:04,207 - info_logger - INFO - 
[bold yellow]📊 Summary:[/]
2025-08-15 09:36:04,216 - info_logger - INFO -   ✅ [green]Successful pages:[/] 10
2025-08-15 09:36:04,221 - info_logger - INFO -   ❌ [red]Failed pages:[/]     0
2025-08-15 09:36:04,225 - info_logger - INFO -   📄 Total sections:           90
